[debug] [2019-07-09T17:49:27.951Z] ----------------------------------------------------------------------
[debug] [2019-07-09T17:49:27.953Z] Command:       /Users/david.garcia/.nvm/versions/node/v8.9.4/bin/node /Users/david.garcia/.nvm/versions/node/v8.9.4/bin/firebase deploy --only functions
[debug] [2019-07-09T17:49:27.953Z] CLI Version:   7.0.2
[debug] [2019-07-09T17:49:27.953Z] Platform:      darwin
[debug] [2019-07-09T17:49:27.953Z] Node Version:  v8.9.4
[debug] [2019-07-09T17:49:27.954Z] Time:          Tue Jul 09 2019 19:49:27 GMT+0200 (CEST)
[debug] [2019-07-09T17:49:27.954Z] ----------------------------------------------------------------------
[debug] 
[debug] [2019-07-09T17:49:27.964Z] > command requires scopes: ["email","openid","https://www.googleapis.com/auth/cloudplatformprojects.readonly","https://www.googleapis.com/auth/firebase","https://www.googleapis.com/auth/cloud-platform"]
[debug] [2019-07-09T17:49:27.965Z] > authorizing via signed-in user
[debug] [2019-07-09T17:49:27.965Z] [iam] checking project spotify-explorer-8a57c for permissions ["cloudfunctions.functions.create","cloudfunctions.functions.delete","cloudfunctions.functions.get","cloudfunctions.functions.list","cloudfunctions.functions.update","cloudfunctions.operations.get","firebase.projects.get"]
[debug] [2019-07-09T17:49:27.966Z] >>> HTTP REQUEST POST https://cloudresourcemanager.googleapis.com/v1/projects/spotify-explorer-8a57c:testIamPermissions  

[debug] [2019-07-09T17:49:28.926Z] <<< HTTP RESPONSE 200
[info] 
[info] === Deploying to 'spotify-explorer-8a57c'...
[info] 
[info] i  deploying functions
[debug] [2019-07-09T17:49:30.202Z] > [functions] package.json contents: {
  "name": "functions",
  "description": "Cloud Functions for Firebase",
  "scripts": {
    "serve": "firebase serve --only functions",
    "shell": "firebase functions:shell",
    "start": "npm run shell",
    "deploy": "firebase deploy --only functions",
    "logs": "firebase functions:log"
  },
  "engines": {
    "node": "8"
  },
  "dependencies": {
    "firebase-admin": "^8.0.0",
    "firebase-functions": "^3.0.0"
  },
  "devDependencies": {
    "firebase-functions-test": "^0.1.6"
  },
  "private": true
}
[info] i  functions: ensuring necessary APIs are enabled...
[debug] [2019-07-09T17:49:30.202Z] >>> HTTP REQUEST GET https://servicemanagement.googleapis.com/v1/services/cloudfunctions.googleapis.com/projectSettings/spotify-explorer-8a57c?view=CONSUMER_VIEW  
 
[debug] [2019-07-09T17:49:30.203Z] >>> HTTP REQUEST GET https://servicemanagement.googleapis.com/v1/services/runtimeconfig.googleapis.com/projectSettings/spotify-explorer-8a57c?view=CONSUMER_VIEW  
 
[debug] [2019-07-09T17:49:31.559Z] <<< HTTP RESPONSE 200
[info] ✔  functions: all necessary APIs are enabled
[debug] [2019-07-09T17:49:31.569Z] <<< HTTP RESPONSE 200
[debug] [2019-07-09T17:49:31.571Z] >>> HTTP REQUEST GET https://cloudresourcemanager.googleapis.com/v1/projects/spotify-explorer-8a57c  
 
[debug] [2019-07-09T17:49:32.542Z] <<< HTTP RESPONSE 200
[debug] [2019-07-09T17:49:32.542Z] >>> HTTP REQUEST GET https://mobilesdk-pa.googleapis.com/v1/projects/407749635099:getServerAppConfig  
 
[debug] [2019-07-09T17:49:32.849Z] <<< HTTP RESPONSE 200
[info] i  functions: preparing functions directory for uploading...
[debug] [2019-07-09T17:49:32.853Z] >>> HTTP REQUEST GET https://runtimeconfig.googleapis.com/v1beta1/projects/spotify-explorer-8a57c/configs  
 
[debug] [2019-07-09T17:49:33.938Z] <<< HTTP RESPONSE 200
[info] i  functions: packaged functions (2.11 MB) for uploading
[debug] [2019-07-09T17:49:34.478Z] >>> HTTP REQUEST POST https://cloudfunctions.googleapis.com/v1/projects/spotify-explorer-8a57c/locations/us-central1/functions:generateUploadUrl  
 
[debug] [2019-07-09T17:49:34.897Z] <<< HTTP RESPONSE 200
[debug] [2019-07-09T17:49:34.899Z] >>> HTTP REQUEST PUT https://storage.googleapis.com/gcf-upload-us-central1-e7c18e09-17e2-4198-b48a-b9aff570da55/0578a1cd-f7c2-4925-ab02-bddfe5300252.zip?GoogleAccessId=service-407749635099@gcf-admin-robot.iam.gserviceaccount.com&Expires=1562696375&Signature=rsvAFiS6sC7P0AV8IdqkQbJqZJYsUUScmk9YXJmHUHmNz7OH0MGWxrmme1QTnyNVvziQwuG439YkkXhBah%2FvHNCKnre%2BgdtWwZc527vtLA52WcMSEhaF8IeWX8PQ8Z7jHB9ROJKrlFtBDNC7MK4MUfdQ0LM4R2ZBTyqH8wkbY50AzSK3QcWRf%2BQvpJcvAcLEk2mWoFtjuGuvU1wcxofUNtHJU6ABH4zmAfZ2gqfjkHuktdei%2ByYy%2B1AYNVuSJewH4UOw1h54n4goKKSsDqgF62ynFciC2L40k4jsF3Sfe51lQ6go9gbGiL6gPF3shnk9TPcLq5HU4oORcUL4F5AfvA%3D%3D  

[debug] [2019-07-09T17:49:35.814Z] <<< HTTP RESPONSE 200
[info] ✔  functions: functions folder uploaded successfully
[debug] [2019-07-09T17:49:35.819Z] >>> HTTP REQUEST GET https://cloudfunctions.googleapis.com/v1/projects/spotify-explorer-8a57c/locations/-/functions  
 
[debug] [2019-07-09T17:49:36.330Z] <<< HTTP RESPONSE 200
[info] i  functions: updating Node.js 8 function app(us-central1)...
[debug] [2019-07-09T17:49:36.333Z] Trigger is:  {"httpsTrigger":{}}
[debug] [2019-07-09T17:49:36.334Z] >>> HTTP REQUEST GET https://servicemanagement.googleapis.com/v1/services/cloudscheduler.googleapis.com/projectSettings/spotify-explorer-8a57c?view=CONSUMER_VIEW  
 
[debug] [2019-07-09T17:49:37.764Z] <<< HTTP RESPONSE 200
[debug] [2019-07-09T17:49:37.766Z] >>> HTTP REQUEST PATCH https://cloudfunctions.googleapis.com/v1/projects/spotify-explorer-8a57c/locations/us-central1/functions/app {"updateMask":"sourceUploadUrl,name,labels,runtime,httpsTrigger"} 

[debug] [2019-07-09T17:49:38.583Z] <<< HTTP RESPONSE 200
[debug] [2019-07-09T17:49:38.585Z] >>> HTTP REQUEST GET https://cloudfunctions.googleapis.com/v1/projects/spotify-explorer-8a57c/locations/-/functions  
 
[debug] [2019-07-09T17:49:38.978Z] <<< HTTP RESPONSE 200
[debug] [2019-07-09T17:49:38.980Z] >>> HTTP REQUEST GET https://cloudfunctions.googleapis.com/v1/operations/c3BvdGlmeS1leHBsb3Jlci04YTU3Yy91cy1jZW50cmFsMS9hcHAvSHpCNFlYM3E5cXc  
 
[debug] [2019-07-09T17:49:39.300Z] <<< HTTP RESPONSE 200
[debug] [2019-07-09T17:49:41.304Z] >>> HTTP REQUEST GET https://cloudfunctions.googleapis.com/v1/operations/c3BvdGlmeS1leHBsb3Jlci04YTU3Yy91cy1jZW50cmFsMS9hcHAvSHpCNFlYM3E5cXc  
 
[debug] [2019-07-09T17:49:41.655Z] <<< HTTP RESPONSE 200
[debug] [2019-07-09T17:49:43.657Z] >>> HTTP REQUEST GET https://cloudfunctions.googleapis.com/v1/operations/c3BvdGlmeS1leHBsb3Jlci04YTU3Yy91cy1jZW50cmFsMS9hcHAvSHpCNFlYM3E5cXc  
 
[debug] [2019-07-09T17:49:43.966Z] <<< HTTP RESPONSE 200
[debug] [2019-07-09T17:49:56.276Z] ----------------------------------------------------------------------
[debug] [2019-07-09T17:49:56.278Z] Command:       /Users/david.garcia/.nvm/versions/node/v8.9.4/bin/node /Users/david.garcia/.nvm/versions/node/v8.9.4/bin/firebase deploy --only functions
[debug] [2019-07-09T17:49:56.278Z] CLI Version:   7.0.2
[debug] [2019-07-09T17:49:56.278Z] Platform:      darwin
[debug] [2019-07-09T17:49:56.278Z] Node Version:  v8.9.4
[debug] [2019-07-09T17:49:56.279Z] Time:          Tue Jul 09 2019 19:49:56 GMT+0200 (CEST)
[debug] [2019-07-09T17:49:56.279Z] ----------------------------------------------------------------------
[debug] 
[debug] [2019-07-09T17:49:56.285Z] > command requires scopes: ["email","openid","https://www.googleapis.com/auth/cloudplatformprojects.readonly","https://www.googleapis.com/auth/firebase","https://www.googleapis.com/auth/cloud-platform"]
[debug] [2019-07-09T17:49:56.285Z] > authorizing via signed-in user
[debug] [2019-07-09T17:49:56.285Z] [iam] checking project spotify-explorer-8a57c for permissions ["cloudfunctions.functions.create","cloudfunctions.functions.delete","cloudfunctions.functions.get","cloudfunctions.functions.list","cloudfunctions.functions.update","cloudfunctions.operations.get","firebase.projects.get"]
[debug] [2019-07-09T17:49:56.286Z] >>> HTTP REQUEST POST https://cloudresourcemanager.googleapis.com/v1/projects/spotify-explorer-8a57c:testIamPermissions  

[debug] [2019-07-09T17:49:57.221Z] <<< HTTP RESPONSE 200
[debug] [2019-07-09T17:50:17.340Z] ----------------------------------------------------------------------
[debug] [2019-07-09T17:50:17.341Z] Command:       /Users/david.garcia/.nvm/versions/node/v8.9.4/bin/node /Users/david.garcia/.nvm/versions/node/v8.9.4/bin/firebase deploy --only functions
[debug] [2019-07-09T17:50:17.341Z] CLI Version:   7.0.2
[debug] [2019-07-09T17:50:17.341Z] Platform:      darwin
[debug] [2019-07-09T17:50:17.341Z] Node Version:  v8.9.4
[debug] [2019-07-09T17:50:17.342Z] Time:          Tue Jul 09 2019 19:50:17 GMT+0200 (CEST)
[debug] [2019-07-09T17:50:17.342Z] ----------------------------------------------------------------------
[debug] 
[debug] [2019-07-09T17:50:17.348Z] > command requires scopes: ["email","openid","https://www.googleapis.com/auth/cloudplatformprojects.readonly","https://www.googleapis.com/auth/firebase","https://www.googleapis.com/auth/cloud-platform"]
[debug] [2019-07-09T17:50:17.348Z] > authorizing via signed-in user
[debug] [2019-07-09T17:50:17.349Z] [iam] checking project spotify-explorer-8a57c for permissions ["cloudfunctions.functions.create","cloudfunctions.functions.delete","cloudfunctions.functions.get","cloudfunctions.functions.list","cloudfunctions.functions.update","cloudfunctions.operations.get","firebase.projects.get"]
[debug] [2019-07-09T17:50:17.350Z] >>> HTTP REQUEST POST https://cloudresourcemanager.googleapis.com/v1/projects/spotify-explorer-8a57c:testIamPermissions  

[debug] [2019-07-09T17:50:18.317Z] <<< HTTP RESPONSE 200
